=== START ===
Removing old .git...
  [0] Initialized empty Git repository in D:/新建文件夹 (27)/.git/
  [stderr] warning: in the working copy of 'phase1-basics/D2/merge_day2.py', LF will be replaced by CRLF the next time Git touches it
  [0] [main (root-commit) f415171] init: D2 merge_day2.py and merged.jsonl
 2 files changed, 139 insertions(+)
 create mode 100644 phase1-basics/D2/merge_day2.py
 create mode 100644 phase1-basics/D2/merged.jsonl
  [0] [main 0141f74] feat: D3 clean_basic.py with phone masking
 3 files changed, 162 insertions(+)
 create mode 100644 phase1-basics/D3/chat_sessions_clean.csv
 create mode 100644 phase1-basics/D3/clean_basic.py
 create mode 100644 phase1-basics/D3/review_log.txt
  [0] 0141f74 feat: D3 clean_basic.py with phone masking
f415171 init: D2 merge_day2.py and merged.jsonl
  [0] 0141f7493b1cb712294c33b032c616a776fd1ab5
HEAD commit: 0141f7493b1cb712294c33b032c616a776fd1ab5
Creating feature/email branch...
Wrote refs/heads/feature/email -> 0141f7493b1cb712294c33b032c616a776fd1ab5
  [0] feature/email
* main
=== Checkout feature/email ===
  [stderr] Switched to branch 'feature/email'
Current branch:
  [0] * feature/email
  main
=== Modify on feature/email ===
  [0] [feature/email d3af0b2] feat: add email masking to clean_basic.py
 1 file changed, 9 insertions(+)
=== Feature log ===
  [stderr] fatal: your current branch 'feature/email' does not have any commits yet
FATAL: rc=128
